c:\users\alexh\source\repos\personal-clones\csc3224-gameengine\csc3224-gameengine\x64\debug\vc143.pdb
c:\users\alexh\source\repos\personal-clones\csc3224-gameengine\csc3224-gameengine\x64\debug\vc143.idb
c:\users\alexh\source\repos\personal-clones\csc3224-gameengine\csc3224-gameengine\x64\debug\sound.obj
c:\users\alexh\source\repos\personal-clones\csc3224-gameengine\csc3224-gameengine\x64\debug\rendwindow.obj
c:\users\alexh\source\repos\personal-clones\csc3224-gameengine\csc3224-gameengine\x64\debug\physics.obj
c:\users\alexh\source\repos\personal-clones\csc3224-gameengine\csc3224-gameengine\x64\debug\humaninterface.obj
c:\users\alexh\source\repos\personal-clones\csc3224-gameengine\csc3224-gameengine\x64\debug\graphics.obj
c:\users\alexh\source\repos\personal-clones\csc3224-gameengine\csc3224-gameengine\x64\debug\generator.obj
c:\users\alexh\source\repos\personal-clones\csc3224-gameengine\csc3224-gameengine\x64\debug\fileloader.obj
c:\users\alexh\source\repos\personal-clones\csc3224-gameengine\csc3224-gameengine\x64\debug\event.obj
c:\users\alexh\source\repos\personal-clones\csc3224-gameengine\csc3224-gameengine\x64\debug\collisions.obj
c:\users\alexh\source\repos\personal-clones\csc3224-gameengine\csc3224-gameengine\x64\debug\main.obj
c:\users\alexh\source\repos\personal-clones\csc3224-gameengine\csc3224-gameengine\x64\debug\gamescene.obj
c:\users\alexh\source\repos\personal-clones\csc3224-gameengine\csc3224-gameengine\x64\debug\gamecreator.obj
c:\users\alexh\source\repos\personal-clones\csc3224-gameengine\csc3224-gameengine\x64\debug\gameactions.obj
c:\users\alexh\source\repos\personal-clones\csc3224-gameengine\csc3224-gameengine\x64\debug\game.obj
c:\users\alexh\source\repos\personal-clones\csc3224-gameengine\x64\debug\csc3224-gameengine.pdb
c:\users\alexh\source\repos\personal-clones\csc3224-gameengine\csc3224-gameengine\x64\debug\csc3224-.fc3ba097.tlog\cl.command.1.tlog
c:\users\alexh\source\repos\personal-clones\csc3224-gameengine\csc3224-gameengine\x64\debug\csc3224-.fc3ba097.tlog\cl.read.1.tlog
c:\users\alexh\source\repos\personal-clones\csc3224-gameengine\csc3224-gameengine\x64\debug\csc3224-.fc3ba097.tlog\cl.write.1.tlog
c:\users\alexh\source\repos\personal-clones\csc3224-gameengine\csc3224-gameengine\x64\debug\csc3224-.fc3ba097.tlog\link-cvtres.read.1.tlog
c:\users\alexh\source\repos\personal-clones\csc3224-gameengine\csc3224-gameengine\x64\debug\csc3224-.fc3ba097.tlog\link-cvtres.write.1.tlog
c:\users\alexh\source\repos\personal-clones\csc3224-gameengine\csc3224-gameengine\x64\debug\csc3224-.fc3ba097.tlog\link-rc.read.1.tlog
c:\users\alexh\source\repos\personal-clones\csc3224-gameengine\csc3224-gameengine\x64\debug\csc3224-.fc3ba097.tlog\link-rc.write.1.tlog
c:\users\alexh\source\repos\personal-clones\csc3224-gameengine\csc3224-gameengine\x64\debug\csc3224-.fc3ba097.tlog\link.command.1.tlog
c:\users\alexh\source\repos\personal-clones\csc3224-gameengine\csc3224-gameengine\x64\debug\csc3224-.fc3ba097.tlog\link.read.1.tlog
c:\users\alexh\source\repos\personal-clones\csc3224-gameengine\csc3224-gameengine\x64\debug\csc3224-.fc3ba097.tlog\link.read.2.tlog
c:\users\alexh\source\repos\personal-clones\csc3224-gameengine\csc3224-gameengine\x64\debug\csc3224-.fc3ba097.tlog\link.read.3.tlog
c:\users\alexh\source\repos\personal-clones\csc3224-gameengine\csc3224-gameengine\x64\debug\csc3224-.fc3ba097.tlog\link.read.4.tlog
c:\users\alexh\source\repos\personal-clones\csc3224-gameengine\csc3224-gameengine\x64\debug\csc3224-.fc3ba097.tlog\link.write.1.tlog
