c:\users\alex\source\repos\this-folder\csc3224-gameengine\box2d\build\vs2017\release\box2d.pdb
c:\users\alex\source\repos\this-folder\csc3224-gameengine\box2d\build\vs2017\release\b2chainandpolygoncontact.obj
c:\users\alex\source\repos\this-folder\csc3224-gameengine\box2d\build\vs2017\release\b2chainandcirclecontact.obj
c:\users\alex\source\repos\this-folder\csc3224-gameengine\box2d\build\vs2017\release\b2timer.obj
c:\users\alex\source\repos\this-folder\csc3224-gameengine\box2d\build\vs2017\release\b2stackallocator.obj
c:\users\alex\source\repos\this-folder\csc3224-gameengine\box2d\build\vs2017\release\b2settings.obj
c:\users\alex\source\repos\this-folder\csc3224-gameengine\box2d\build\vs2017\release\b2math.obj
c:\users\alex\source\repos\this-folder\csc3224-gameengine\box2d\build\vs2017\release\b2draw.obj
c:\users\alex\source\repos\this-folder\csc3224-gameengine\box2d\build\vs2017\release\b2blockallocator.obj
c:\users\alex\source\repos\this-folder\csc3224-gameengine\box2d\build\vs2017\release\b2timeofimpact.obj
c:\users\alex\source\repos\this-folder\csc3224-gameengine\box2d\build\vs2017\release\b2dynamictree.obj
c:\users\alex\source\repos\this-folder\csc3224-gameengine\box2d\build\vs2017\release\b2distance.obj
c:\users\alex\source\repos\this-folder\csc3224-gameengine\box2d\build\vs2017\release\b2collision.obj
c:\users\alex\source\repos\this-folder\csc3224-gameengine\box2d\build\vs2017\release\b2collidepolygon.obj
c:\users\alex\source\repos\this-folder\csc3224-gameengine\box2d\build\vs2017\release\b2collideedge.obj
c:\users\alex\source\repos\this-folder\csc3224-gameengine\box2d\build\vs2017\release\b2collidecircle.obj
c:\users\alex\source\repos\this-folder\csc3224-gameengine\box2d\build\vs2017\release\b2broadphase.obj
c:\users\alex\source\repos\this-folder\csc3224-gameengine\box2d\build\vs2017\release\b2polygonshape.obj
c:\users\alex\source\repos\this-folder\csc3224-gameengine\box2d\build\vs2017\release\b2edgeshape.obj
c:\users\alex\source\repos\this-folder\csc3224-gameengine\box2d\build\vs2017\release\b2circleshape.obj
c:\users\alex\source\repos\this-folder\csc3224-gameengine\box2d\build\vs2017\release\b2chainshape.obj
c:\users\alex\source\repos\this-folder\csc3224-gameengine\box2d\build\vs2017\release\b2body.obj
c:\users\alex\source\repos\this-folder\csc3224-gameengine\box2d\build\vs2017\release\b2wheeljoint.obj
c:\users\alex\source\repos\this-folder\csc3224-gameengine\box2d\build\vs2017\release\b2weldjoint.obj
c:\users\alex\source\repos\this-folder\csc3224-gameengine\box2d\build\vs2017\release\b2ropejoint.obj
c:\users\alex\source\repos\this-folder\csc3224-gameengine\box2d\build\vs2017\release\b2revolutejoint.obj
c:\users\alex\source\repos\this-folder\csc3224-gameengine\box2d\build\vs2017\release\b2pulleyjoint.obj
c:\users\alex\source\repos\this-folder\csc3224-gameengine\box2d\build\vs2017\release\b2prismaticjoint.obj
c:\users\alex\source\repos\this-folder\csc3224-gameengine\box2d\build\vs2017\release\b2mousejoint.obj
c:\users\alex\source\repos\this-folder\csc3224-gameengine\box2d\build\vs2017\release\b2motorjoint.obj
c:\users\alex\source\repos\this-folder\csc3224-gameengine\box2d\build\vs2017\release\b2joint.obj
c:\users\alex\source\repos\this-folder\csc3224-gameengine\box2d\build\vs2017\release\b2gearjoint.obj
c:\users\alex\source\repos\this-folder\csc3224-gameengine\box2d\build\vs2017\release\b2frictionjoint.obj
c:\users\alex\source\repos\this-folder\csc3224-gameengine\box2d\build\vs2017\release\b2distancejoint.obj
c:\users\alex\source\repos\this-folder\csc3224-gameengine\box2d\build\vs2017\release\b2polygoncontact.obj
c:\users\alex\source\repos\this-folder\csc3224-gameengine\box2d\build\vs2017\release\b2polygonandcirclecontact.obj
c:\users\alex\source\repos\this-folder\csc3224-gameengine\box2d\build\vs2017\release\b2edgeandpolygoncontact.obj
c:\users\alex\source\repos\this-folder\csc3224-gameengine\box2d\build\vs2017\release\b2edgeandcirclecontact.obj
c:\users\alex\source\repos\this-folder\csc3224-gameengine\box2d\build\vs2017\release\b2contactsolver.obj
c:\users\alex\source\repos\this-folder\csc3224-gameengine\box2d\build\vs2017\release\b2contact.obj
c:\users\alex\source\repos\this-folder\csc3224-gameengine\box2d\build\vs2017\release\b2circlecontact.obj
c:\users\alex\source\repos\this-folder\csc3224-gameengine\box2d\build\vs2017\release\b2rope.obj
c:\users\alex\source\repos\this-folder\csc3224-gameengine\box2d\build\vs2017\release\b2worldcallbacks.obj
c:\users\alex\source\repos\this-folder\csc3224-gameengine\box2d\build\vs2017\release\b2world.obj
c:\users\alex\source\repos\this-folder\csc3224-gameengine\box2d\build\vs2017\release\b2island.obj
c:\users\alex\source\repos\this-folder\csc3224-gameengine\box2d\build\vs2017\release\b2fixture.obj
c:\users\alex\source\repos\this-folder\csc3224-gameengine\box2d\build\vs2017\release\b2contactmanager.obj
c:\users\alex\source\repos\this-folder\csc3224-gameengine\release\box2d.lib
c:\users\alex\source\repos\this-folder\csc3224-gameengine\box2d\build\vs2017\release\box2d.tlog\cl.command.1.tlog
c:\users\alex\source\repos\this-folder\csc3224-gameengine\box2d\build\vs2017\release\box2d.tlog\cl.read.1.tlog
c:\users\alex\source\repos\this-folder\csc3224-gameengine\box2d\build\vs2017\release\box2d.tlog\cl.write.1.tlog
c:\users\alex\source\repos\this-folder\csc3224-gameengine\box2d\build\vs2017\release\box2d.tlog\lib-link.read.1.tlog
c:\users\alex\source\repos\this-folder\csc3224-gameengine\box2d\build\vs2017\release\box2d.tlog\lib-link.write.1.tlog
c:\users\alex\source\repos\this-folder\csc3224-gameengine\box2d\build\vs2017\release\box2d.tlog\lib.command.1.tlog
